LOC	Source Statement     	Object code	Error

0000	COPY	START	0
0000	FIRST	STL	RETADR	17201B
0003		LDB	#LENGTH	69201B
		BASE	LENGTH
0006	CLOOP	+JSUB	RDREC	4B10040C
000A		LDA	LENGTH	032014
000D		COMP	#0	290000
0010		JEQ	ENDFIL	332FEE
0013		+JSUB	WRREC	4B100069
0017		J	CLOOP	3F2FEC
001A	ENDFIL	LDA	EOF	032FE5
001D		STA	BUFFER	0F2004
0020		LDA	#3	010003
0023		STA	LENGTH	0F2FFB
0026		+JSUB	WRREC	4B100069
002A		J	@RETADR	3E2FF1
002D	EOF	BYTE	C'EOF'	454F46
0030	RETADR	RESW	1
0033	LENGTH	RESW	1
0036	BUFFER	RESB	4096
1036	RDREC	CLEAR	X	B410
1038		CLEAR	A	B400
103A		CLEAR	S	B440
103C		+LDT	#4096	75101000
1040	RLOOP	TD	INPUT	E32026
1043		JEQ	RLOOP	3323CA
1046		RD	INPUT	DB2020
1049		COMPR	A,S	A004
104B		JEQ	EXIT	3323D2
104E		STCH	BUFFER,X	57C003
1051		TIXR	T	B850
1053		JLT	RLOOP	3B23BA
1056	EXIT	STX	LENGTH	134000
		RSUB	RETURN		Undefined Symbol
1059	INPUT	BYTE	X'F1'	F1
105A	WRREC	CLEAR	X	B410
105C		LDT	LENGTH	774000
105F	WLOOP	TD	OUTPUT	E323D3
1062		JEQ	WLOOP	3323C2
1065		LDCH	BUFFER,X	53C003
1068		WD	OUTPUT	DF23CA
106B		TIXR	T	B850
106D		JLT	WLOOP	3B23B7
		RSUB	RETURN		Undefined Symbol
1070	OUTPUT	BYTE	X'05'	05
1071		END	FIRST
